\BOOKMARK [0][]{chapter*.1}{Muc luc}{}% 1
\BOOKMARK [0][]{chapter*.2}{Danh s\341ch h\354nh ve}{}% 2
\BOOKMARK [0][]{chapter*.3}{Danh s\341ch bang}{}% 3
\BOOKMARK [0][]{chapter*.4}{Danh s\341ch t vit tt}{}% 4
\BOOKMARK [0][]{chapter.1}{1 Tng quan}{}% 5
\BOOKMARK [1][]{section.1.1}{1.1 \320t vn }{chapter.1}% 6
\BOOKMARK [2][]{subsection.1.1.1}{1.1.1 Mt v\340i hng ng dung cua h thng truy vn anh}{section.1.1}% 7
\BOOKMARK [1][]{section.1.2}{1.2 Th\341ch thc}{chapter.1}% 8
\BOOKMARK [1][]{section.1.3}{1.3 Muc \355ch, i tng v\340 pham vi nghi\352n cu}{chapter.1}% 9
\BOOKMARK [2][]{subsection.1.3.1}{1.3.1 Muc \355ch}{section.1.3}% 10
\BOOKMARK [2][]{subsection.1.3.2}{1.3.2 \320i tng nghi\352n cu}{section.1.3}% 11
\BOOKMARK [2][]{subsection.1.3.3}{1.3.3 Pham vi nghi\352n cu}{section.1.3}% 12
\BOOKMARK [1][]{section.1.4}{1.4 Cu tr\372c lun van}{chapter.1}% 13
\BOOKMARK [0][]{chapter.2}{2 C\341c c\364ng tr\354nh li\352n quan}{}% 14
\BOOKMARK [1][]{section.2.1}{2.1 Biu din h\354nh anh bng c\341c c trng cuc b}{chapter.2}% 15
\BOOKMARK [1][]{section.2.2}{2.2 M\364 h\354nh Bag-of-words}{chapter.2}% 16
\BOOKMARK [2][]{subsection.2.2.1}{2.2.1 Truy vn van ban}{section.2.2}% 17
\BOOKMARK [2][]{subsection.2.2.2}{2.2.2 Bag-of-Words trong truy vn anh}{section.2.2}% 18
\BOOKMARK [1][]{section.2.3}{2.3 S dung th\364ng tin kh\364ng gian anh trong truy vn anh}{chapter.2}% 19
\BOOKMARK [2][]{subsection.2.3.1}{2.3.1 C\341c hng tip cn da tr\352n c trng h\354nh hoc}{section.2.3}% 20
\BOOKMARK [2][]{subsection.2.3.2}{2.3.2 C\341c hng tip cn da tr\352n th\364ng tin kh\364ng gian cua c\341c c trng cuc b}{section.2.3}% 21
\BOOKMARK [1][]{section.2.4}{2.4 Kt chng}{chapter.2}% 22
\BOOKMARK [0][]{chapter.3}{3 Phng ph\341p \040xut}{}% 23
\BOOKMARK [1][]{section.3.1}{3.1 Chi muc ngc vi biu din Bag-of-Visual-Words}{chapter.3}% 24
\BOOKMARK [1][]{section.3.2}{3.2 T\355ch hp th\364ng tin kh\364ng gian anh v\340o chi muc ngc}{chapter.3}% 25
\BOOKMARK [0][]{chapter.4}{4 Thc nghim v\340 \341nh gi\341 kt qua}{}% 26
\BOOKMARK [1][]{section.4.1}{4.1 C\341c b d liu v\340 phng thc \341nh gi\341}{chapter.4}% 27
\BOOKMARK [2][]{subsection.4.1.1}{4.1.1 C\341c b d liu}{section.4.1}% 28
\BOOKMARK [3][]{subsubsection.4.1.1.1}{4.1.1.1 Oxford 5k}{subsection.4.1.1}% 29
\BOOKMARK [3][]{subsubsection.4.1.1.2}{4.1.1.2 Paris 6k}{subsection.4.1.1}% 30
\BOOKMARK [3][]{subsubsection.4.1.1.3}{4.1.1.3 Holidays}{subsection.4.1.1}% 31
\BOOKMARK [2][]{subsection.4.1.2}{4.1.2 Phng thc \341nh gi\341}{section.4.1}% 32
\BOOKMARK [1][]{section.4.2}{4.2 C\340i t th\355 nghim}{chapter.4}% 33
\BOOKMARK [1][]{section.4.3}{4.3 Kt qua th\355 nghim v\340 \341nh gi\341 kt qua}{chapter.4}% 34
\BOOKMARK [0][]{chapter.5}{5 Tng kt}{}% 35
\BOOKMARK [1][]{section.5.1}{5.1 Kt lun}{chapter.5}% 36
\BOOKMARK [1][]{section.5.2}{5.2 Hng ph\341t trin}{chapter.5}% 37
\BOOKMARK [0][]{chapter*.5}{T\340i liu tham khao}{}% 38
