\BOOKMARK [0][]{chapter*.1}{Muc luc}{}% 1
\BOOKMARK [0][]{chapter*.2}{Danh s\341ch h\354nh ve}{}% 2
\BOOKMARK [0][]{chapter*.3}{Danh s\341ch bang}{}% 3
\BOOKMARK [0][]{chapter*.4}{Danh s\341ch t vit tt}{}% 4
\BOOKMARK [0][]{chapter.1}{1 Tng quan}{}% 5
\BOOKMARK [1][]{section.1.1}{1.1 \320t vn }{chapter.1}% 6
\BOOKMARK [1][]{section.1.2}{1.2 Th\341ch thc}{chapter.1}% 7
\BOOKMARK [1][]{section.1.3}{1.3 Muc ti\352u, i tng v\340 pham vi nghi\352n cu}{chapter.1}% 8
\BOOKMARK [2][]{subsection.1.3.1}{1.3.1 Muc ti\352u}{section.1.3}% 9
\BOOKMARK [2][]{subsection.1.3.2}{1.3.2 \320i tng nghi\352n cu}{section.1.3}% 10
\BOOKMARK [2][]{subsection.1.3.3}{1.3.3 Pham vi nghi\352n cu}{section.1.3}% 11
\BOOKMARK [1][]{section.1.4}{1.4 Cu tr\372c lun van}{chapter.1}% 12
\BOOKMARK [0][]{chapter.2}{2 C\341c c\364ng tr\354nh li\352n quan}{}% 13
\BOOKMARK [1][]{section.2.1}{2.1 M\364 h\354nh tng quan}{chapter.2}% 14
\BOOKMARK [1][]{section.2.2}{2.2 R\372t tr\355ch c trng h\354nh anh}{chapter.2}% 15
\BOOKMARK [2][]{subsection.2.2.1}{2.2.1 \320c trng to\340n cuc}{section.2.2}% 16
\BOOKMARK [3][]{subsubsection.2.2.1.1}{2.2.1.1 \320c trng h\354nh dang}{subsection.2.2.1}% 17
\BOOKMARK [3][]{subsubsection.2.2.1.2}{2.2.1.2 \320c trng texture}{subsection.2.2.1}% 18
\BOOKMARK [3][]{subsubsection.2.2.1.3}{2.2.1.3 \320c trng m\340u sc}{subsection.2.2.1}% 19
\BOOKMARK [2][]{subsection.2.2.2}{2.2.2 \320c trng cuc b}{section.2.2}% 20
\BOOKMARK [1][]{section.2.3}{2.3 Biu din h\354nh anh bng m\364 h\354nh Bag-of-words}{chapter.2}% 21
\BOOKMARK [1][]{section.2.4}{2.4 So khp h\354nh anh}{chapter.2}% 22
\BOOKMARK [1][]{section.2.5}{2.5 S dung th\364ng tin v s ph\342n b trong kh\364ng gian anh cua c\341c c trng}{chapter.2}% 23
\BOOKMARK [2][]{subsection.2.5.1}{2.5.1 C\341c hng tip cn da tr\352n c trng h\354nh hoc}{section.2.5}% 24
\BOOKMARK [2][]{subsection.2.5.2}{2.5.2 C\341c hng tip cn da tr\352n th\364ng tin kh\364ng gian cua c\341c im c trng cuc b}{section.2.5}% 25
\BOOKMARK [1][]{section.2.6}{2.6 Kt chng}{chapter.2}% 26
\BOOKMARK [0][]{chapter.3}{3 Phng ph\341p \040xut}{}% 27
\BOOKMARK [1][]{section.3.1}{3.1 Chi muc ngc trong truy vn h\354nh anh}{chapter.3}% 28
\BOOKMARK [1][]{section.3.2}{3.2 T\355ch hp th\364ng tin kh\364ng gian anh v\340o chi muc ngc}{chapter.3}% 29
\BOOKMARK [0][]{chapter.4}{4 Thc nghim v\340 \341nh gi\341 kt qua}{}% 30
\BOOKMARK [1][]{section.4.1}{4.1 C\341c b d liu v\340 phng thc \341nh gi\341}{chapter.4}% 31
\BOOKMARK [2][]{subsection.4.1.1}{4.1.1 C\341c b d liu}{section.4.1}% 32
\BOOKMARK [3][]{subsubsection.4.1.1.1}{4.1.1.1 Oxford 5K}{subsection.4.1.1}% 33
\BOOKMARK [3][]{subsubsection.4.1.1.2}{4.1.1.2 Paris 6K}{subsection.4.1.1}% 34
\BOOKMARK [3][]{subsubsection.4.1.1.3}{4.1.1.3 Oxford 5K+100K}{subsection.4.1.1}% 35
\BOOKMARK [2][]{subsection.4.1.2}{4.1.2 Phng thc \341nh gi\341}{section.4.1}% 36
\BOOKMARK [1][]{section.4.2}{4.2 C\340i t th\355 nghim}{chapter.4}% 37
\BOOKMARK [2][]{subsection.4.2.1}{4.2.1 C\341c phng ph\341p \341nh gi\341 c\371ng th\364ng s c\340i t}{section.4.2}% 38
\BOOKMARK [2][]{subsection.4.2.2}{4.2.2 N\342ng cao hiu sut cua h thng}{section.4.2}% 39
\BOOKMARK [3][]{subsubsection.4.2.2.1}{4.2.2.1 Tang \040ch\355nh x\341c cua qu\341 tr\354nh gom cum}{subsection.4.2.2}% 40
\BOOKMARK [3][]{subsubsection.4.2.2.2}{4.2.2.2 Loc bo c\341c stop word}{subsection.4.2.2}% 41
\BOOKMARK [1][]{section.4.3}{4.3 Kt qua th\355 nghim v\340 \341nh gi\341 kt qua}{chapter.4}% 42
\BOOKMARK [0][]{chapter.5}{5 X\342y dng ng dungt\354m kim i tng tr\352n anh}{}% 43
\BOOKMARK [1][]{section.5.1}{5.1 Tng quan ng dung}{chapter.5}% 44
\BOOKMARK [2][]{subsection.5.1.1}{5.1.1 Muc \355ch v\340 pham vi cua ng dung}{section.5.1}% 45
\BOOKMARK [2][]{subsection.5.1.2}{5.1.2 C\341c chc nang ch\355nh}{section.5.1}% 46
\BOOKMARK [1][]{section.5.2}{5.2 X\342y dng ng dung}{chapter.5}% 47
\BOOKMARK [2][]{subsection.5.2.1}{5.2.1 Kin tr\372c tng quan}{section.5.2}% 48
\BOOKMARK [2][]{subsection.5.2.2}{5.2.2 Server side}{section.5.2}% 49
\BOOKMARK [3][]{subsubsection.5.2.2.1}{5.2.2.1 Qu\341 tr\354nh training}{subsection.5.2.2}% 50
\BOOKMARK [3][]{subsubsection.5.2.2.2}{5.2.2.2 Qu\341 tr\354nh truy vn}{subsection.5.2.2}% 51
\BOOKMARK [2][]{subsection.5.2.3}{5.2.3 Web service}{section.5.2}% 52
\BOOKMARK [2][]{subsection.5.2.4}{5.2.4 Client side}{section.5.2}% 53
\BOOKMARK [3][]{subsubsection.5.2.4.1}{5.2.4.1 Tng quan}{subsection.5.2.4}% 54
\BOOKMARK [3][]{subsubsection.5.2.4.2}{5.2.4.2 Chc nang v\340 giao din}{subsection.5.2.4}% 55
\BOOKMARK [2][]{subsection.5.2.5}{5.2.5 Ti u hiu sut h thng}{section.5.2}% 56
\BOOKMARK [1][]{section.5.3}{5.3 C\340i t v\340 thc nghim}{chapter.5}% 57
\BOOKMARK [2][]{subsection.5.3.1}{5.3.1 M\364i trng c\340i t}{section.5.3}% 58
\BOOKMARK [2][]{subsection.5.3.2}{5.3.2 Kt qua thc nghim v\340 \341nh gi\341 ng dung}{section.5.3}% 59
\BOOKMARK [0][]{chapter.6}{6 Kt lun v\340 hng ph\341t trin}{}% 60
\BOOKMARK [1][]{section.6.1}{6.1 Kt lun}{chapter.6}% 61
\BOOKMARK [1][]{section.6.2}{6.2 Hng ph\341t trin}{chapter.6}% 62
\BOOKMARK [2][]{subsection.6.2.1}{6.2.1 M rng phng ph\341p \040xut}{section.6.2}% 63
\BOOKMARK [2][]{subsection.6.2.2}{6.2.2 Ph\341t trin ng dung thc t}{section.6.2}% 64
\BOOKMARK [0][]{chapter*.5}{T\340i liu tham khao}{}% 65
